1558355293239	mozrunner::runner	INFO	Running command: "C:\\Program Files\\Mozilla Firefox\\firefox.exe" "-marionette" "-foreground" "-no-remote" "-profile" "C:\\Users\\81906\\AppData\\Local\\Temp\\rust_mozprofile.avIvjuvPPubD"
1558355293523	addons.webextension.screenshots@mozilla.org	WARN	Loading extension 'screenshots@mozilla.org': Reading manifest: Invalid extension permission: mozillaAddons
1558355293523	addons.webextension.screenshots@mozilla.org	WARN	Loading extension 'screenshots@mozilla.org': Reading manifest: Invalid extension permission: resource://pdf.js/
1558355293523	addons.webextension.screenshots@mozilla.org	WARN	Loading extension 'screenshots@mozilla.org': Reading manifest: Invalid extension permission: about:reader*
1558355294619	Marionette	INFO	Listening on port 50788
1558355294855	Marionette	WARN	TLS certificate errors will be ignored for this session
console.error: BroadcastService: 
  receivedBroadcastMessage: handler for
  remote-settings/monitor_changes
  threw error:
  Message: Error: Polling for changes failed: NetworkError when attempting to fetch resource..
  Stack:
    remoteSettingsFunction/remoteSettings.pollChanges@resource://services-settings/remote-settings.js:190:13

1558355366934	Marionette	WARN	TimedPromise timed out after 500 ms: stacktrace:
bail@chrome://marionette/content/sync.js:224:64
send@http://www.5itest.cn/static-dist/libs/vendor.js?8.0.16:7:14659
ajax@http://www.5itest.cn/static-dist/libs/vendor.js?8.0.16:7:11359
e08e353dfaa39855b303/<@http://www.5itest.cn/static-dist/libs/jquery-validation.js?8.0.16:1:10831
check@http://www.5itest.cn/static-dist/libs/jquery-validation.js?8.0.16:1:22691
checkForm@http://www.5itest.cn/static-dist/libs/jquery-validation.js?8.0.16:1:18738
form@http://www.5itest.cn/static-dist/libs/jquery-validation.js?8.0.16:1:18438
validate/<@http://www.5itest.cn/static-dist/libs/jquery-validation.js?8.0.16:1:12985
dispatch@http://www.5itest.cn/static-dist/libs/vendor.js?8.0.16:6:9481
add/v.handle@http://www.5itest.cn/static-dist/libs/vendor.js?8.0.16:6:6218
event.synthesizeMouseAtPoint@chrome://marionette/content/event.js:202:5
webdriverClickElement@chrome://marionette/content/interaction.js:183:5
1558355373245	Marionette	INFO	Stopped listening on port 50788
[Parent 14496, Gecko_IOThread] WARNING: pipe error: 109: file z:/build/build/src/ipc/chromium/src/chrome/common/ipc_channel_win.cc, line 332
[Child 5480, Chrome_ChildThread] WARNING: pipe error: 109: file z:/build/build/src/ipc/chromium/src/chrome/common/ipc_channel_win.cc, line 332
[Child 5480, JavaScript error: http://www.5itest.cn/static-dist/libs/vendor.js?8.0.16, line 7: SyntaxError: JSON.parse: unexpected character at line 1 column 1 of the JSON data
[Parent 14496, Gecko_IOThread] WARNING: pipe error: 109: file z:/build/build/src/ipc/chromium/src/chrome/common/ipc_channel_win.cc, line 332
[Child 13920, Chrome_ChildThread] WARNING: pipe error: 109: file z:/build/build/src/ipc/chromium/src/chrome/common/ipc_channel_win.cc, line 332
[Child 13920, Chrome_ChildThread] WARNING: pipe er[Parent 14496, Gecko_IOThread] WARNING: pipe error: 109: file z:/build/build/src/ipc/chromium/src/chrome/common/ipc_channel_win.cc, line 332
[Child 15348, Chrome_ChildThread] WARNING: pipe error: 109: file z:/build/build/src/ipc/chromium/src/chrome/common/ipc_channel_win.cc, line 332
[Child 15348, Chrome_Ch
###!!! [Child][RunMessage] Error: Channel closing: too late to send/recv, messages will be lost

[
###!!! [Child][MessageChannel::SendAndWait] Error: Channel error: cannot send/recv

